<?xml version="1.0" encoding="UTF-8"?>
<!-- Generated by org.testng.reporters.JUnitReportReporter -->
<testsuite hostname="DESKTOP-H22TBPF" name="com.test.testcode.TestTwo" tests="1" failures="0" timestamp="1 Feb 2021 10:45:45 GMT" time="6.373" errors="0">
  <testcase name="demo" time="6.373" classname="com.test.testcode.TestTwo"/>
</testsuite> <!-- com.test.testcode.TestTwo -->
