<?xml version="1.0" encoding="UTF-8"?>
<!-- Generated by org.testng.reporters.JUnitReportReporter -->
<testsuite hostname="DESKTOP-H22TBPF" name="com.test.testcode.TestOne" tests="1" failures="0" timestamp="1 Feb 2021 10:45:45 GMT" time="21.341" errors="0">
  <testcase name="test" time="21.341" classname="com.test.testcode.TestOne"/>
</testsuite> <!-- com.test.testcode.TestOne -->
