<?xml version="1.0" encoding="UTF-8"?>
<!-- Generated by org.testng.reporters.JUnitReportReporter -->
<testsuite hostname="DESKTOP-H22TBPF" name="com.test.testcode.TestTwo" tests="1" failures="0" timestamp="1 Feb 2021 11:03:28 GMT" time="4.046" errors="0">
  <testcase name="demo" time="4.046" classname="com.test.testcode.TestTwo"/>
</testsuite> <!-- com.test.testcode.TestTwo -->
